<?xml version="1.0" encoding="UTF-8"?>
<!-- Generated by org.testng.reporters.JUnitReportReporter -->
<testsuite hostname="LAPTOP-5OG2MH5D" failures="0" tests="2" name="testNGCode.FourTest" time="0.004" errors="0" timestamp="2024-09-14T21:38:19 IST" skipped="0">
  <testcase classname="testNGCode.FourTest" name="print" time="0.004"/>
  <system-out/>
  <testcase classname="testNGCode.FourTest" name="show" time="0.000"/>
  <system-out/>
</testsuite> <!-- testNGCode.FourTest -->
