<?xml version="1.0" encoding="UTF-8"?>
<!-- Generated by org.testng.reporters.JUnitReportReporter -->
<testsuite hostname="LAPTOP-5OG2MH5D" failures="0" tests="1" name="testNGCode.DemoTest" time="3.789" errors="0" timestamp="2024-09-15T17:37:18 IST" skipped="0">
  <testcase classname="testNGCode.DemoTest" name="login" time="3.789"/>
  <system-out/>
</testsuite> <!-- testNGCode.DemoTest -->
